<?xml version="1.0" encoding="UTF-8"?>
<testsuite xmlns:xsi="http://www.w3.org/2001/XMLSchema-instance" xsi:noNamespaceSchemaLocation="https://maven.apache.org/surefire/maven-surefire-plugin/xsd/surefire-test-report.xsd" name="model.service.simplesNacionalServiceTest" time="0.197" tests="9" errors="0" skipped="0" failures="0">
  <properties>
[...]
</properties>
  <testcase name="test_somaFaturamentoMensal" classname="model.service.simplesNacionalServiceTest" time="0.111"/>
  <testcase name="test_somarReceitaBruta12Meses" classname="model.service.simplesNacionalServiceTest" time="0.004"/>
  <testcase name="test_FaturamentoMensalForZerada" classname="model.service.simplesNacionalServiceTest$lancarExcecao" time="0.004"/>
  <testcase name="test_faixa1" classname="model.service.simplesNacionalServiceTest$returnFaixa" time="0.011"/>
  <testcase name="test_faixa2" classname="model.service.simplesNacionalServiceTest$returnFaixa" time="0.003"/>
  <testcase name="test_faixa3" classname="model.service.simplesNacionalServiceTest$returnFaixa" time="0.004"/>
  <testcase name="test_faixa4" classname="model.service.simplesNacionalServiceTest$returnFaixa" time="0.002"/>
  <testcase name="test_faixa5" classname="model.service.simplesNacionalServiceTest$returnFaixa" time="0.004"/>
  <testcase name="test_faixa6" classname="model.service.simplesNacionalServiceTest$returnFaixa" time="0.004"/>
</testsuite>