<?xml version="1.0" encoding="UTF-8"?>
<testsuite xmlns:xsi="http://www.w3.org/2001/XMLSchema-instance" xsi:noNamespaceSchemaLocation="https://maven.apache.org/surefire/maven-surefire-plugin/xsd/surefire-test-report.xsd" name="util.ReadCsvFileTest" time="1.221" tests="12" errors="0" skipped="0" failures="0">
  <properties>
[...]
</properties>
  <testcase name="deveriaRetornarUmaListaDeNotas" classname="util.ReadCsvFileTest" time="1.064"/>
  <testcase name="test_anexoII" classname="util.ReadCsvFileTest$setAnexos" time="0.022"/>
  <testcase name="test_anexoIV" classname="util.ReadCsvFileTest$setAnexos" time="0.007"/>
  <testcase name="test_anexoIII" classname="util.ReadCsvFileTest$setAnexos" time="0.006"/>
  <testcase name="test_anexoI" classname="util.ReadCsvFileTest$setAnexos" time="0.004"/>
  <testcase name="test_anexoV" classname="util.ReadCsvFileTest$setAnexos" time="0.004"/>
  <testcase name="deveriaJogarExceçãoSeArquivoNaoExiste" classname="util.ReadCsvFileTest$throwException" time="0.004"/>
  <testcase name="test_arquivoVazio" classname="util.ReadCsvFileTest$throwException" time="0.004"/>
  <testcase name="test_lancarExcecaoSeDataEstiverMalFormata" classname="util.ReadCsvFileTest$throwException$dataIncorreta" time="0.029"/>
  <testcase name="test_lancarExcecaoSeValorEstiverFaltandoSimboloR$" classname="util.ReadCsvFileTest$throwException$valorIncorreto" time="0.004"/>
  <testcase name="test_lancarExcecaoSeValorEstiverFaltandoFormatado" classname="util.ReadCsvFileTest$throwException$valorIncorreto" time="0.005"/>
  <testcase name="test_lancarExcecaoSeValorEstiverMalFormatado" classname="util.ReadCsvFileTest$throwException$valorIncorreto" time="0.005"/>
</testsuite>